[03-Mar-2021 18:05:38 Europe/Berlin] Xdebug: [Step Debug] Time-out connecting to debugging client, waited: 200 ms. Tried: ::1:9003 (from REMOTE_ADDR HTTP header), localhost:9003 (fallback through xdebug.client_host/xdebug.client_port) :-(
[03-Mar-2021 18:05:43 Europe/Berlin] Xdebug: [Step Debug] Time-out connecting to debugging client, waited: 200 ms. Tried: ::1:9003 (from REMOTE_ADDR HTTP header), localhost:9003 (fallback through xdebug.client_host/xdebug.client_port) :-(
[03-Mar-2021 18:05:51 Europe/Berlin] Xdebug: [Step Debug] Time-out connecting to debugging client, waited: 200 ms. Tried: ::1:9003 (from REMOTE_ADDR HTTP header), localhost:9003 (fallback through xdebug.client_host/xdebug.client_port) :-(
[03-Mar-2021 18:05:52 Europe/Berlin] Xdebug: [Step Debug] Time-out connecting to debugging client, waited: 200 ms. Tried: ::1:9003 (from REMOTE_ADDR HTTP header), localhost:9003 (fallback through xdebug.client_host/xdebug.client_port) :-(
[03-Mar-2021 18:05:52 Europe/Berlin] Xdebug: [Step Debug] Time-out connecting to debugging client, waited: 200 ms. Tried: ::1:9003 (from REMOTE_ADDR HTTP header), localhost:9003 (fallback through xdebug.client_host/xdebug.client_port) :-(
[03-Mar-2021 18:05:55 Europe/Berlin] Xdebug: [Step Debug] Time-out connecting to debugging client, waited: 200 ms. Tried: ::1:9003 (from REMOTE_ADDR HTTP header), localhost:9003 (fallback through xdebug.client_host/xdebug.client_port) :-(
[03-Mar-2021 18:05:55 Europe/Berlin] Xdebug: [Step Debug] Time-out connecting to debugging client, waited: 200 ms. Tried: ::1:9003 (from REMOTE_ADDR HTTP header), localhost:9003 (fallback through xdebug.client_host/xdebug.client_port) :-(
[03-Mar-2021 18:06:07 Europe/Berlin] Xdebug: [Step Debug] Time-out connecting to debugging client, waited: 200 ms. Tried: ::1:9003 (from REMOTE_ADDR HTTP header), localhost:9003 (fallback through xdebug.client_host/xdebug.client_port) :-(
[03-Mar-2021 18:06:25 Europe/Berlin] Xdebug: [Step Debug] Time-out connecting to debugging client, waited: 200 ms. Tried: ::1:9003 (from REMOTE_ADDR HTTP header), localhost:9003 (fallback through xdebug.client_host/xdebug.client_port) :-(
[03-Mar-2021 18:06:40 Europe/Berlin] Xdebug: [Step Debug] Time-out connecting to debugging client, waited: 200 ms. Tried: ::1:9003 (from REMOTE_ADDR HTTP header), localhost:9003 (fallback through xdebug.client_host/xdebug.client_port) :-(
[03-Mar-2021 18:06:43 Europe/Berlin] Xdebug: [Step Debug] Time-out connecting to debugging client, waited: 200 ms. Tried: ::1:9003 (from REMOTE_ADDR HTTP header), localhost:9003 (fallback through xdebug.client_host/xdebug.client_port) :-(
[03-Mar-2021 18:06:43 Europe/Berlin] Xdebug: [Step Debug] Time-out connecting to debugging client, waited: 200 ms. Tried: ::1:9003 (from REMOTE_ADDR HTTP header), localhost:9003 (fallback through xdebug.client_host/xdebug.client_port) :-(
[03-Mar-2021 18:06:47 Europe/Berlin] Xdebug: [Step Debug] Time-out connecting to debugging client, waited: 200 ms. Tried: ::1:9003 (from REMOTE_ADDR HTTP header), localhost:9003 (fallback through xdebug.client_host/xdebug.client_port) :-(
[03-Mar-2021 18:08:48 Europe/Berlin] Xdebug: [Step Debug] Time-out connecting to debugging client, waited: 200 ms. Tried: ::1:9003 (from REMOTE_ADDR HTTP header), localhost:9003 (fallback through xdebug.client_host/xdebug.client_port) :-(
[03-Mar-2021 18:08:48 Europe/Berlin] Xdebug: [Step Debug] Time-out connecting to debugging client, waited: 200 ms. Tried: ::1:9003 (from REMOTE_ADDR HTTP header), localhost:9003 (fallback through xdebug.client_host/xdebug.client_port) :-(
[03-Mar-2021 18:08:49 Europe/Berlin] Xdebug: [Step Debug] Time-out connecting to debugging client, waited: 200 ms. Tried: ::1:9003 (from REMOTE_ADDR HTTP header), localhost:9003 (fallback through xdebug.client_host/xdebug.client_port) :-(
[03-Mar-2021 18:08:49 Europe/Berlin] Xdebug: [Step Debug] Time-out connecting to debugging client, waited: 200 ms. Tried: ::1:9003 (from REMOTE_ADDR HTTP header), localhost:9003 (fallback through xdebug.client_host/xdebug.client_port) :-(
[03-Mar-2021 18:08:53 Europe/Berlin] Xdebug: [Step Debug] Time-out connecting to debugging client, waited: 200 ms. Tried: ::1:9003 (from REMOTE_ADDR HTTP header), localhost:9003 (fallback through xdebug.client_host/xdebug.client_port) :-(
[03-Mar-2021 18:09:20 Europe/Berlin] Xdebug: [Step Debug] Time-out connecting to debugging client, waited: 200 ms. Tried: ::1:9003 (from REMOTE_ADDR HTTP header), localhost:9003 (fallback through xdebug.client_host/xdebug.client_port) :-(
[03-Mar-2021 18:09:25 Europe/Berlin] Xdebug: [Step Debug] Time-out connecting to debugging client, waited: 200 ms. Tried: ::1:9003 (from REMOTE_ADDR HTTP header), localhost:9003 (fallback through xdebug.client_host/xdebug.client_port) :-(
[03-Mar-2021 18:09:28 Europe/Berlin] Xdebug: [Step Debug] Time-out connecting to debugging client, waited: 200 ms. Tried: ::1:9003 (from REMOTE_ADDR HTTP header), localhost:9003 (fallback through xdebug.client_host/xdebug.client_port) :-(
Failed to execute the following SQL statement: DELETE FROM `rooms` WHERE `id`='1'. MySQL Error: Unknown column 'id' in 'where clause'. SqlState: 42S22
File:SwiftLogger.php, Line:128, Datetime:03-03-2021 11:09:37 PM  
------------------------------------------------------------------------------------
[03-Mar-2021 18:09:38 Europe/Berlin] Xdebug: [Step Debug] Time-out connecting to debugging client, waited: 200 ms. Tried: ::1:9003 (from REMOTE_ADDR HTTP header), localhost:9003 (fallback through xdebug.client_host/xdebug.client_port) :-(
[03-Mar-2021 18:10:47 Europe/Berlin] Xdebug: [Step Debug] Time-out connecting to debugging client, waited: 200 ms. Tried: ::1:9003 (from REMOTE_ADDR HTTP header), localhost:9003 (fallback through xdebug.client_host/xdebug.client_port) :-(
[03-Mar-2021 18:10:51 Europe/Berlin] Xdebug: [Step Debug] Time-out connecting to debugging client, waited: 200 ms. Tried: ::1:9003 (from REMOTE_ADDR HTTP header), localhost:9003 (fallback through xdebug.client_host/xdebug.client_port) :-(
[03-Mar-2021 18:12:10 Europe/Berlin] Xdebug: [Step Debug] Time-out connecting to debugging client, waited: 200 ms. Tried: ::1:9003 (from REMOTE_ADDR HTTP header), localhost:9003 (fallback through xdebug.client_host/xdebug.client_port) :-(
[03-Mar-2021 18:12:10 Europe/Berlin] Xdebug: [Step Debug] Time-out connecting to debugging client, waited: 200 ms. Tried: ::1:9003 (from REMOTE_ADDR HTTP header), localhost:9003 (fallback through xdebug.client_host/xdebug.client_port) :-(
[03-Mar-2021 18:12:13 Europe/Berlin] Xdebug: [Step Debug] Time-out connecting to debugging client, waited: 200 ms. Tried: ::1:9003 (from REMOTE_ADDR HTTP header), localhost:9003 (fallback through xdebug.client_host/xdebug.client_port) :-(
[03-Mar-2021 18:12:15 Europe/Berlin] Xdebug: [Step Debug] Time-out connecting to debugging client, waited: 200 ms. Tried: ::1:9003 (from REMOTE_ADDR HTTP header), localhost:9003 (fallback through xdebug.client_host/xdebug.client_port) :-(
Failed to execute the following SQL statement: DELETE FROM `rooms` WHERE `id`='1'. MySQL Error: Unknown column 'id' in 'where clause'. SqlState: 42S22
File:SwiftLogger.php, Line:128, Datetime:03-03-2021 11:12:19 PM  
------------------------------------------------------------------------------------
[03-Mar-2021 18:12:20 Europe/Berlin] Xdebug: [Step Debug] Time-out connecting to debugging client, waited: 200 ms. Tried: ::1:9003 (from REMOTE_ADDR HTTP header), localhost:9003 (fallback through xdebug.client_host/xdebug.client_port) :-(
[03-Mar-2021 18:14:45 Europe/Berlin] Xdebug: [Step Debug] Time-out connecting to debugging client, waited: 200 ms. Tried: ::1:9003 (from REMOTE_ADDR HTTP header), localhost:9003 (fallback through xdebug.client_host/xdebug.client_port) :-(
[03-Mar-2021 18:14:49 Europe/Berlin] Xdebug: [Step Debug] Time-out connecting to debugging client, waited: 200 ms. Tried: ::1:9003 (from REMOTE_ADDR HTTP header), localhost:9003 (fallback through xdebug.client_host/xdebug.client_port) :-(
[03-Mar-2021 18:17:26 Europe/Berlin] Xdebug: [Step Debug] Time-out connecting to debugging client, waited: 200 ms. Tried: ::1:9003 (from REMOTE_ADDR HTTP header), localhost:9003 (fallback through xdebug.client_host/xdebug.client_port) :-(
[03-Mar-2021 18:17:26 Europe/Berlin] Xdebug: [Step Debug] Time-out connecting to debugging client, waited: 200 ms. Tried: ::1:9003 (from REMOTE_ADDR HTTP header), localhost:9003 (fallback through xdebug.client_host/xdebug.client_port) :-(
[03-Mar-2021 18:39:52 Europe/Berlin] Xdebug: [Step Debug] Time-out connecting to debugging client, waited: 200 ms. Tried: ::1:9003 (from REMOTE_ADDR HTTP header), localhost:9003 (fallback through xdebug.client_host/xdebug.client_port) :-(
[03-Mar-2021 18:40:02 Europe/Berlin] Xdebug: [Step Debug] Time-out connecting to debugging client, waited: 200 ms. Tried: ::1:9003 (from REMOTE_ADDR HTTP header), localhost:9003 (fallback through xdebug.client_host/xdebug.client_port) :-(
[03-Mar-2021 18:40:04 Europe/Berlin] Xdebug: [Step Debug] Time-out connecting to debugging client, waited: 200 ms. Tried: ::1:9003 (from REMOTE_ADDR HTTP header), localhost:9003 (fallback through xdebug.client_host/xdebug.client_port) :-(
[03-Mar-2021 18:40:09 Europe/Berlin] Xdebug: [Step Debug] Time-out connecting to debugging client, waited: 200 ms. Tried: ::1:9003 (from REMOTE_ADDR HTTP header), localhost:9003 (fallback through xdebug.client_host/xdebug.client_port) :-(
[03-Mar-2021 18:40:09 Europe/Berlin] Xdebug: [Step Debug] Time-out connecting to debugging client, waited: 200 ms. Tried: ::1:9003 (from REMOTE_ADDR HTTP header), localhost:9003 (fallback through xdebug.client_host/xdebug.client_port) :-(
[03-Mar-2021 18:40:13 Europe/Berlin] Xdebug: [Step Debug] Time-out connecting to debugging client, waited: 200 ms. Tried: ::1:9003 (from REMOTE_ADDR HTTP header), localhost:9003 (fallback through xdebug.client_host/xdebug.client_port) :-(
[03-Mar-2021 18:40:19 Europe/Berlin] Xdebug: [Step Debug] Time-out connecting to debugging client, waited: 200 ms. Tried: ::1:9003 (from REMOTE_ADDR HTTP header), localhost:9003 (fallback through xdebug.client_host/xdebug.client_port) :-(
[03-Mar-2021 18:40:39 Europe/Berlin] Xdebug: [Step Debug] Time-out connecting to debugging client, waited: 200 ms. Tried: ::1:9003 (from REMOTE_ADDR HTTP header), localhost:9003 (fallback through xdebug.client_host/xdebug.client_port) :-(
[03-Mar-2021 18:40:42 Europe/Berlin] Xdebug: [Step Debug] Time-out connecting to debugging client, waited: 200 ms. Tried: ::1:9003 (from REMOTE_ADDR HTTP header), localhost:9003 (fallback through xdebug.client_host/xdebug.client_port) :-(
[03-Mar-2021 18:40:45 Europe/Berlin] Xdebug: [Step Debug] Time-out connecting to debugging client, waited: 200 ms. Tried: ::1:9003 (from REMOTE_ADDR HTTP header), localhost:9003 (fallback through xdebug.client_host/xdebug.client_port) :-(
[03-Mar-2021 18:48:46 Europe/Berlin] Xdebug: [Step Debug] Time-out connecting to debugging client, waited: 200 ms. Tried: ::1:9003 (from REMOTE_ADDR HTTP header), localhost:9003 (fallback through xdebug.client_host/xdebug.client_port) :-(
[03-Mar-2021 18:48:46 Europe/Berlin] Xdebug: [Step Debug] Time-out connecting to debugging client, waited: 200 ms. Tried: ::1:9003 (from REMOTE_ADDR HTTP header), localhost:9003 (fallback through xdebug.client_host/xdebug.client_port) :-(
[03-Mar-2021 18:48:53 Europe/Berlin] Xdebug: [Step Debug] Time-out connecting to debugging client, waited: 200 ms. Tried: ::1:9003 (from REMOTE_ADDR HTTP header), localhost:9003 (fallback through xdebug.client_host/xdebug.client_port) :-(
[03-Mar-2021 18:48:55 Europe/Berlin] Xdebug: [Step Debug] Time-out connecting to debugging client, waited: 200 ms. Tried: ::1:9003 (from REMOTE_ADDR HTTP header), localhost:9003 (fallback through xdebug.client_host/xdebug.client_port) :-(
[03-Mar-2021 18:49:18 Europe/Berlin] Xdebug: [Step Debug] Time-out connecting to debugging client, waited: 200 ms. Tried: ::1:9003 (from REMOTE_ADDR HTTP header), localhost:9003 (fallback through xdebug.client_host/xdebug.client_port) :-(
[03-Mar-2021 18:49:24 Europe/Berlin] Xdebug: [Step Debug] Time-out connecting to debugging client, waited: 200 ms. Tried: ::1:9003 (from REMOTE_ADDR HTTP header), localhost:9003 (fallback through xdebug.client_host/xdebug.client_port) :-(
The query must return exactly 1 record. But found none.
File:SwiftLogger.php, Line:128, Datetime:03-03-2021 11:53:49 PM  
------------------------------------------------------------------------------------
[03-Mar-2021 18:53:49 Europe/Berlin] Xdebug: [Step Debug] Time-out connecting to debugging client, waited: 200 ms. Tried: ::1:9003 (from REMOTE_ADDR HTTP header), localhost:9003 (fallback through xdebug.client_host/xdebug.client_port) :-(
[03-Mar-2021 18:55:54 Europe/Berlin] PHP Fatal error:  Uncaught ZeroException: The query must return exactly 1 record. But found none. in D:\xampp\htdocs\seat-plan\api\lib\database\v2\ZeroSQL.php:403
Stack trace:
#0 D:\xampp\htdocs\seat-plan\api\csv.php(131): ZeroSQL->single()
#1 {main}
  thrown in D:\xampp\htdocs\seat-plan\api\lib\database\v2\ZeroSQL.php on line 403
[03-Mar-2021 19:28:53 Europe/Berlin] Xdebug: [Step Debug] Time-out connecting to debugging client, waited: 200 ms. Tried: ::1:9003 (from REMOTE_ADDR HTTP header), localhost:9003 (fallback through xdebug.client_host/xdebug.client_port) :-(
[03-Mar-2021 19:28:57 Europe/Berlin] Xdebug: [Step Debug] Time-out connecting to debugging client, waited: 200 ms. Tried: ::1:9003 (from REMOTE_ADDR HTTP header), localhost:9003 (fallback through xdebug.client_host/xdebug.client_port) :-(
[03-Mar-2021 19:29:02 Europe/Berlin] Xdebug: [Step Debug] Time-out connecting to debugging client, waited: 200 ms. Tried: ::1:9003 (from REMOTE_ADDR HTTP header), localhost:9003 (fallback through xdebug.client_host/xdebug.client_port) :-(
[03-Mar-2021 19:29:04 Europe/Berlin] Xdebug: [Step Debug] Time-out connecting to debugging client, waited: 200 ms. Tried: ::1:9003 (from REMOTE_ADDR HTTP header), localhost:9003 (fallback through xdebug.client_host/xdebug.client_port) :-(
[03-Mar-2021 19:29:04 Europe/Berlin] Xdebug: [Step Debug] Time-out connecting to debugging client, waited: 200 ms. Tried: ::1:9003 (from REMOTE_ADDR HTTP header), localhost:9003 (fallback through xdebug.client_host/xdebug.client_port) :-(
[03-Mar-2021 19:29:11 Europe/Berlin] Xdebug: [Step Debug] Time-out connecting to debugging client, waited: 200 ms. Tried: ::1:9003 (from REMOTE_ADDR HTTP header), localhost:9003 (fallback through xdebug.client_host/xdebug.client_port) :-(
[03-Mar-2021 19:29:11 Europe/Berlin] Xdebug: [Step Debug] Time-out connecting to debugging client, waited: 200 ms. Tried: ::1:9003 (from REMOTE_ADDR HTTP header), localhost:9003 (fallback through xdebug.client_host/xdebug.client_port) :-(
[03-Mar-2021 19:29:27 Europe/Berlin] Xdebug: [Step Debug] Time-out connecting to debugging client, waited: 200 ms. Tried: ::1:9003 (from REMOTE_ADDR HTTP header), localhost:9003 (fallback through xdebug.client_host/xdebug.client_port) :-(
[03-Mar-2021 20:25:56 Europe/Berlin] Xdebug: [Step Debug] Time-out connecting to debugging client, waited: 200 ms. Tried: ::1:9003 (from REMOTE_ADDR HTTP header), localhost:9003 (fallback through xdebug.client_host/xdebug.client_port) :-(
[03-Mar-2021 20:26:05 Europe/Berlin] Xdebug: [Step Debug] Time-out connecting to debugging client, waited: 200 ms. Tried: ::1:9003 (from REMOTE_ADDR HTTP header), localhost:9003 (fallback through xdebug.client_host/xdebug.client_port) :-(
[03-Mar-2021 20:26:12 Europe/Berlin] Xdebug: [Step Debug] Time-out connecting to debugging client, waited: 200 ms. Tried: ::1:9003 (from REMOTE_ADDR HTTP header), localhost:9003 (fallback through xdebug.client_host/xdebug.client_port) :-(
[03-Mar-2021 20:26:18 Europe/Berlin] Xdebug: [Step Debug] Time-out connecting to debugging client, waited: 200 ms. Tried: ::1:9003 (from REMOTE_ADDR HTTP header), localhost:9003 (fallback through xdebug.client_host/xdebug.client_port) :-(
[03-Mar-2021 20:26:22 Europe/Berlin] Xdebug: [Step Debug] Time-out connecting to debugging client, waited: 200 ms. Tried: ::1:9003 (from REMOTE_ADDR HTTP header), localhost:9003 (fallback through xdebug.client_host/xdebug.client_port) :-(
[03-Mar-2021 20:27:54 Europe/Berlin] Xdebug: [Step Debug] Time-out connecting to debugging client, waited: 200 ms. Tried: ::1:9003 (from REMOTE_ADDR HTTP header), localhost:9003 (fallback through xdebug.client_host/xdebug.client_port) :-(
[03-Mar-2021 20:28:30 Europe/Berlin] Xdebug: [Step Debug] Time-out connecting to debugging client, waited: 200 ms. Tried: ::1:9003 (from REMOTE_ADDR HTTP header), localhost:9003 (fallback through xdebug.client_host/xdebug.client_port) :-(
[03-Mar-2021 20:28:32 Europe/Berlin] Xdebug: [Step Debug] Time-out connecting to debugging client, waited: 200 ms. Tried: ::1:9003 (from REMOTE_ADDR HTTP header), localhost:9003 (fallback through xdebug.client_host/xdebug.client_port) :-(
[03-Mar-2021 20:29:09 Europe/Berlin] Xdebug: [Step Debug] Time-out connecting to debugging client, waited: 200 ms. Tried: ::1:9003 (from REMOTE_ADDR HTTP header), localhost:9003 (fallback through xdebug.client_host/xdebug.client_port) :-(
[03-Mar-2021 20:29:10 Europe/Berlin] Xdebug: [Step Debug] Time-out connecting to debugging client, waited: 200 ms. Tried: ::1:9003 (from REMOTE_ADDR HTTP header), localhost:9003 (fallback through xdebug.client_host/xdebug.client_port) :-(
[03-Mar-2021 20:29:11 Europe/Berlin] Xdebug: [Step Debug] Time-out connecting to debugging client, waited: 200 ms. Tried: ::1:9003 (from REMOTE_ADDR HTTP header), localhost:9003 (fallback through xdebug.client_host/xdebug.client_port) :-(
[03-Mar-2021 20:29:14 Europe/Berlin] Xdebug: [Step Debug] Time-out connecting to debugging client, waited: 200 ms. Tried: ::1:9003 (from REMOTE_ADDR HTTP header), localhost:9003 (fallback through xdebug.client_host/xdebug.client_port) :-(
[03-Mar-2021 20:29:16 Europe/Berlin] Xdebug: [Step Debug] Time-out connecting to debugging client, waited: 200 ms. Tried: ::1:9003 (from REMOTE_ADDR HTTP header), localhost:9003 (fallback through xdebug.client_host/xdebug.client_port) :-(
[03-Mar-2021 20:29:18 Europe/Berlin] Xdebug: [Step Debug] Time-out connecting to debugging client, waited: 200 ms. Tried: ::1:9003 (from REMOTE_ADDR HTTP header), localhost:9003 (fallback through xdebug.client_host/xdebug.client_port) :-(
[03-Mar-2021 20:29:28 Europe/Berlin] Xdebug: [Step Debug] Time-out connecting to debugging client, waited: 200 ms. Tried: ::1:9003 (from REMOTE_ADDR HTTP header), localhost:9003 (fallback through xdebug.client_host/xdebug.client_port) :-(
[03-Mar-2021 20:29:37 Europe/Berlin] Xdebug: [Step Debug] Time-out connecting to debugging client, waited: 200 ms. Tried: ::1:9003 (from REMOTE_ADDR HTTP header), localhost:9003 (fallback through xdebug.client_host/xdebug.client_port) :-(
[03-Mar-2021 20:29:40 Europe/Berlin] Xdebug: [Step Debug] Time-out connecting to debugging client, waited: 200 ms. Tried: ::1:9003 (from REMOTE_ADDR HTTP header), localhost:9003 (fallback through xdebug.client_host/xdebug.client_port) :-(
[03-Mar-2021 20:29:43 Europe/Berlin] Xdebug: [Step Debug] Time-out connecting to debugging client, waited: 200 ms. Tried: ::1:9003 (from REMOTE_ADDR HTTP header), localhost:9003 (fallback through xdebug.client_host/xdebug.client_port) :-(
[03-Mar-2021 20:30:22 Europe/Berlin] Xdebug: [Step Debug] Time-out connecting to debugging client, waited: 200 ms. Tried: ::1:9003 (from REMOTE_ADDR HTTP header), localhost:9003 (fallback through xdebug.client_host/xdebug.client_port) :-(
[03-Mar-2021 20:30:33 Europe/Berlin] Xdebug: [Step Debug] Time-out connecting to debugging client, waited: 200 ms. Tried: ::1:9003 (from REMOTE_ADDR HTTP header), localhost:9003 (fallback through xdebug.client_host/xdebug.client_port) :-(
[03-Mar-2021 20:30:37 Europe/Berlin] Xdebug: [Step Debug] Time-out connecting to debugging client, waited: 200 ms. Tried: ::1:9003 (from REMOTE_ADDR HTTP header), localhost:9003 (fallback through xdebug.client_host/xdebug.client_port) :-(
[03-Mar-2021 20:31:17 Europe/Berlin] Xdebug: [Step Debug] Time-out connecting to debugging client, waited: 200 ms. Tried: ::1:9003 (from REMOTE_ADDR HTTP header), localhost:9003 (fallback through xdebug.client_host/xdebug.client_port) :-(
[03-Mar-2021 20:31:34 Europe/Berlin] Xdebug: [Step Debug] Time-out connecting to debugging client, waited: 200 ms. Tried: ::1:9003 (from REMOTE_ADDR HTTP header), localhost:9003 (fallback through xdebug.client_host/xdebug.client_port) :-(
[03-Mar-2021 20:31:38 Europe/Berlin] Xdebug: [Step Debug] Time-out connecting to debugging client, waited: 200 ms. Tried: ::1:9003 (from REMOTE_ADDR HTTP header), localhost:9003 (fallback through xdebug.client_host/xdebug.client_port) :-(
[03-Mar-2021 20:31:45 Europe/Berlin] Xdebug: [Step Debug] Time-out connecting to debugging client, waited: 200 ms. Tried: ::1:9003 (from REMOTE_ADDR HTTP header), localhost:9003 (fallback through xdebug.client_host/xdebug.client_port) :-(
[03-Mar-2021 20:32:56 Europe/Berlin] Xdebug: [Step Debug] Time-out connecting to debugging client, waited: 200 ms. Tried: ::1:9003 (from REMOTE_ADDR HTTP header), localhost:9003 (fallback through xdebug.client_host/xdebug.client_port) :-(
[03-Mar-2021 20:33:02 Europe/Berlin] Xdebug: [Step Debug] Time-out connecting to debugging client, waited: 200 ms. Tried: ::1:9003 (from REMOTE_ADDR HTTP header), localhost:9003 (fallback through xdebug.client_host/xdebug.client_port) :-(
[03-Mar-2021 20:33:04 Europe/Berlin] Xdebug: [Step Debug] Time-out connecting to debugging client, waited: 200 ms. Tried: ::1:9003 (from REMOTE_ADDR HTTP header), localhost:9003 (fallback through xdebug.client_host/xdebug.client_port) :-(
[03-Mar-2021 20:34:09 Europe/Berlin] Xdebug: [Step Debug] Time-out connecting to debugging client, waited: 200 ms. Tried: ::1:9003 (from REMOTE_ADDR HTTP header), localhost:9003 (fallback through xdebug.client_host/xdebug.client_port) :-(
[03-Mar-2021 20:34:11 Europe/Berlin] Xdebug: [Step Debug] Time-out connecting to debugging client, waited: 200 ms. Tried: ::1:9003 (from REMOTE_ADDR HTTP header), localhost:9003 (fallback through xdebug.client_host/xdebug.client_port) :-(
[03-Mar-2021 20:34:25 Europe/Berlin] Xdebug: [Step Debug] Time-out connecting to debugging client, waited: 200 ms. Tried: ::1:9003 (from REMOTE_ADDR HTTP header), localhost:9003 (fallback through xdebug.client_host/xdebug.client_port) :-(
[03-Mar-2021 20:34:34 Europe/Berlin] Xdebug: [Step Debug] Time-out connecting to debugging client, waited: 200 ms. Tried: ::1:9003 (from REMOTE_ADDR HTTP header), localhost:9003 (fallback through xdebug.client_host/xdebug.client_port) :-(
[03-Mar-2021 20:34:38 Europe/Berlin] Xdebug: [Step Debug] Time-out connecting to debugging client, waited: 200 ms. Tried: ::1:9003 (from REMOTE_ADDR HTTP header), localhost:9003 (fallback through xdebug.client_host/xdebug.client_port) :-(
[03-Mar-2021 20:34:42 Europe/Berlin] Xdebug: [Step Debug] Time-out connecting to debugging client, waited: 200 ms. Tried: ::1:9003 (from REMOTE_ADDR HTTP header), localhost:9003 (fallback through xdebug.client_host/xdebug.client_port) :-(
[03-Mar-2021 20:35:02 Europe/Berlin] Xdebug: [Step Debug] Time-out connecting to debugging client, waited: 200 ms. Tried: ::1:9003 (from REMOTE_ADDR HTTP header), localhost:9003 (fallback through xdebug.client_host/xdebug.client_port) :-(
[03-Mar-2021 20:35:04 Europe/Berlin] Xdebug: [Step Debug] Time-out connecting to debugging client, waited: 200 ms. Tried: ::1:9003 (from REMOTE_ADDR HTTP header), localhost:9003 (fallback through xdebug.client_host/xdebug.client_port) :-(
[03-Mar-2021 20:35:06 Europe/Berlin] Xdebug: [Step Debug] Time-out connecting to debugging client, waited: 200 ms. Tried: ::1:9003 (from REMOTE_ADDR HTTP header), localhost:9003 (fallback through xdebug.client_host/xdebug.client_port) :-(
[03-Mar-2021 20:35:10 Europe/Berlin] Xdebug: [Step Debug] Time-out connecting to debugging client, waited: 200 ms. Tried: ::1:9003 (from REMOTE_ADDR HTTP header), localhost:9003 (fallback through xdebug.client_host/xdebug.client_port) :-(
[03-Mar-2021 20:35:49 Europe/Berlin] Xdebug: [Step Debug] Time-out connecting to debugging client, waited: 200 ms. Tried: ::1:9003 (from REMOTE_ADDR HTTP header), localhost:9003 (fallback through xdebug.client_host/xdebug.client_port) :-(
[03-Mar-2021 20:35:54 Europe/Berlin] Xdebug: [Step Debug] Time-out connecting to debugging client, waited: 200 ms. Tried: ::1:9003 (from REMOTE_ADDR HTTP header), localhost:9003 (fallback through xdebug.client_host/xdebug.client_port) :-(
[03-Mar-2021 20:35:56 Europe/Berlin] Xdebug: [Step Debug] Time-out connecting to debugging client, waited: 200 ms. Tried: ::1:9003 (from REMOTE_ADDR HTTP header), localhost:9003 (fallback through xdebug.client_host/xdebug.client_port) :-(
[03-Mar-2021 20:35:58 Europe/Berlin] Xdebug: [Step Debug] Time-out connecting to debugging client, waited: 200 ms. Tried: ::1:9003 (from REMOTE_ADDR HTTP header), localhost:9003 (fallback through xdebug.client_host/xdebug.client_port) :-(
[03-Mar-2021 20:35:59 Europe/Berlin] Xdebug: [Step Debug] Time-out connecting to debugging client, waited: 200 ms. Tried: ::1:9003 (from REMOTE_ADDR HTTP header), localhost:9003 (fallback through xdebug.client_host/xdebug.client_port) :-(
[03-Mar-2021 20:36:03 Europe/Berlin] Xdebug: [Step Debug] Time-out connecting to debugging client, waited: 200 ms. Tried: ::1:9003 (from REMOTE_ADDR HTTP header), localhost:9003 (fallback through xdebug.client_host/xdebug.client_port) :-(
[03-Mar-2021 20:36:06 Europe/Berlin] Xdebug: [Step Debug] Time-out connecting to debugging client, waited: 200 ms. Tried: ::1:9003 (from REMOTE_ADDR HTTP header), localhost:9003 (fallback through xdebug.client_host/xdebug.client_port) :-(
[03-Mar-2021 20:36:20 Europe/Berlin] Xdebug: [Step Debug] Time-out connecting to debugging client, waited: 200 ms. Tried: ::1:9003 (from REMOTE_ADDR HTTP header), localhost:9003 (fallback through xdebug.client_host/xdebug.client_port) :-(
[03-Mar-2021 20:36:23 Europe/Berlin] Xdebug: [Step Debug] Time-out connecting to debugging client, waited: 200 ms. Tried: ::1:9003 (from REMOTE_ADDR HTTP header), localhost:9003 (fallback through xdebug.client_host/xdebug.client_port) :-(
[03-Mar-2021 20:36:26 Europe/Berlin] Xdebug: [Step Debug] Time-out connecting to debugging client, waited: 200 ms. Tried: ::1:9003 (from REMOTE_ADDR HTTP header), localhost:9003 (fallback through xdebug.client_host/xdebug.client_port) :-(
[03-Mar-2021 20:36:38 Europe/Berlin] Xdebug: [Step Debug] Time-out connecting to debugging client, waited: 200 ms. Tried: ::1:9003 (from REMOTE_ADDR HTTP header), localhost:9003 (fallback through xdebug.client_host/xdebug.client_port) :-(
[03-Mar-2021 20:36:39 Europe/Berlin] Xdebug: [Step Debug] Time-out connecting to debugging client, waited: 200 ms. Tried: ::1:9003 (from REMOTE_ADDR HTTP header), localhost:9003 (fallback through xdebug.client_host/xdebug.client_port) :-(
[03-Mar-2021 20:36:47 Europe/Berlin] Xdebug: [Step Debug] Time-out connecting to debugging client, waited: 200 ms. Tried: ::1:9003 (from REMOTE_ADDR HTTP header), localhost:9003 (fallback through xdebug.client_host/xdebug.client_port) :-(
[03-Mar-2021 20:36:49 Europe/Berlin] Xdebug: [Step Debug] Time-out connecting to debugging client, waited: 200 ms. Tried: ::1:9003 (from REMOTE_ADDR HTTP header), localhost:9003 (fallback through xdebug.client_host/xdebug.client_port) :-(
[03-Mar-2021 20:36:52 Europe/Berlin] Xdebug: [Step Debug] Time-out connecting to debugging client, waited: 200 ms. Tried: ::1:9003 (from REMOTE_ADDR HTTP header), localhost:9003 (fallback through xdebug.client_host/xdebug.client_port) :-(
[03-Mar-2021 20:37:12 Europe/Berlin] Xdebug: [Step Debug] Time-out connecting to debugging client, waited: 200 ms. Tried: ::1:9003 (from REMOTE_ADDR HTTP header), localhost:9003 (fallback through xdebug.client_host/xdebug.client_port) :-(
[03-Mar-2021 20:38:08 Europe/Berlin] Xdebug: [Step Debug] Time-out connecting to debugging client, waited: 200 ms. Tried: ::1:9003 (from REMOTE_ADDR HTTP header), localhost:9003 (fallback through xdebug.client_host/xdebug.client_port) :-(
[03-Mar-2021 20:38:08 Europe/Berlin] Xdebug: [Step Debug] Time-out connecting to debugging client, waited: 200 ms. Tried: ::1:9003 (from REMOTE_ADDR HTTP header), localhost:9003 (fallback through xdebug.client_host/xdebug.client_port) :-(
[03-Mar-2021 20:38:13 Europe/Berlin] Xdebug: [Step Debug] Time-out connecting to debugging client, waited: 200 ms. Tried: ::1:9003 (from REMOTE_ADDR HTTP header), localhost:9003 (fallback through xdebug.client_host/xdebug.client_port) :-(
[03-Mar-2021 20:39:03 Europe/Berlin] Xdebug: [Step Debug] Time-out connecting to debugging client, waited: 200 ms. Tried: ::1:9003 (from REMOTE_ADDR HTTP header), localhost:9003 (fallback through xdebug.client_host/xdebug.client_port) :-(
[03-Mar-2021 20:39:07 Europe/Berlin] Xdebug: [Step Debug] Time-out connecting to debugging client, waited: 200 ms. Tried: ::1:9003 (from REMOTE_ADDR HTTP header), localhost:9003 (fallback through xdebug.client_host/xdebug.client_port) :-(
[03-Mar-2021 20:39:13 Europe/Berlin] Xdebug: [Step Debug] Time-out connecting to debugging client, waited: 200 ms. Tried: ::1:9003 (from REMOTE_ADDR HTTP header), localhost:9003 (fallback through xdebug.client_host/xdebug.client_port) :-(
[03-Mar-2021 20:39:14 Europe/Berlin] Xdebug: [Step Debug] Time-out connecting to debugging client, waited: 200 ms. Tried: ::1:9003 (from REMOTE_ADDR HTTP header), localhost:9003 (fallback through xdebug.client_host/xdebug.client_port) :-(
[03-Mar-2021 20:39:14 Europe/Berlin] Xdebug: [Step Debug] Time-out connecting to debugging client, waited: 200 ms. Tried: ::1:9003 (from REMOTE_ADDR HTTP header), localhost:9003 (fallback through xdebug.client_host/xdebug.client_port) :-(
[03-Mar-2021 20:39:20 Europe/Berlin] Xdebug: [Step Debug] Time-out connecting to debugging client, waited: 200 ms. Tried: ::1:9003 (from REMOTE_ADDR HTTP header), localhost:9003 (fallback through xdebug.client_host/xdebug.client_port) :-(
[03-Mar-2021 20:39:22 Europe/Berlin] Xdebug: [Step Debug] Time-out connecting to debugging client, waited: 200 ms. Tried: ::1:9003 (from REMOTE_ADDR HTTP header), localhost:9003 (fallback through xdebug.client_host/xdebug.client_port) :-(
[03-Mar-2021 20:39:27 Europe/Berlin] Xdebug: [Step Debug] Time-out connecting to debugging client, waited: 200 ms. Tried: ::1:9003 (from REMOTE_ADDR HTTP header), localhost:9003 (fallback through xdebug.client_host/xdebug.client_port) :-(
[03-Mar-2021 20:40:06 Europe/Berlin] Xdebug: [Step Debug] Time-out connecting to debugging client, waited: 200 ms. Tried: ::1:9003 (from REMOTE_ADDR HTTP header), localhost:9003 (fallback through xdebug.client_host/xdebug.client_port) :-(
[03-Mar-2021 20:40:08 Europe/Berlin] Xdebug: [Step Debug] Time-out connecting to debugging client, waited: 200 ms. Tried: ::1:9003 (from REMOTE_ADDR HTTP header), localhost:9003 (fallback through xdebug.client_host/xdebug.client_port) :-(
[03-Mar-2021 20:40:12 Europe/Berlin] Xdebug: [Step Debug] Time-out connecting to debugging client, waited: 200 ms. Tried: ::1:9003 (from REMOTE_ADDR HTTP header), localhost:9003 (fallback through xdebug.client_host/xdebug.client_port) :-(
[06-Mar-2021 16:41:07 Europe/Berlin] Xdebug: [Step Debug] Time-out connecting to debugging client, waited: 200 ms. Tried: ::1:9003 (from REMOTE_ADDR HTTP header), localhost:9003 (fallback through xdebug.client_host/xdebug.client_port) :-(
[06-Mar-2021 16:41:38 Europe/Berlin] Xdebug: [Step Debug] Time-out connecting to debugging client, waited: 200 ms. Tried: ::1:9003 (from REMOTE_ADDR HTTP header), localhost:9003 (fallback through xdebug.client_host/xdebug.client_port) :-(
[06-Mar-2021 16:41:49 Europe/Berlin] Xdebug: [Step Debug] Time-out connecting to debugging client, waited: 200 ms. Tried: ::1:9003 (from REMOTE_ADDR HTTP header), localhost:9003 (fallback through xdebug.client_host/xdebug.client_port) :-(
[06-Mar-2021 16:41:50 Europe/Berlin] Xdebug: [Step Debug] Time-out connecting to debugging client, waited: 200 ms. Tried: ::1:9003 (from REMOTE_ADDR HTTP header), localhost:9003 (fallback through xdebug.client_host/xdebug.client_port) :-(
[06-Mar-2021 16:41:50 Europe/Berlin] Xdebug: [Step Debug] Time-out connecting to debugging client, waited: 200 ms. Tried: ::1:9003 (from REMOTE_ADDR HTTP header), localhost:9003 (fallback through xdebug.client_host/xdebug.client_port) :-(
[06-Mar-2021 16:41:55 Europe/Berlin] Xdebug: [Step Debug] Time-out connecting to debugging client, waited: 200 ms. Tried: ::1:9003 (from REMOTE_ADDR HTTP header), localhost:9003 (fallback through xdebug.client_host/xdebug.client_port) :-(
[06-Mar-2021 16:41:55 Europe/Berlin] Xdebug: [Step Debug] Time-out connecting to debugging client, waited: 200 ms. Tried: ::1:9003 (from REMOTE_ADDR HTTP header), localhost:9003 (fallback through xdebug.client_host/xdebug.client_port) :-(
[06-Mar-2021 16:42:50 Europe/Berlin] Xdebug: [Step Debug] Time-out connecting to debugging client, waited: 200 ms. Tried: ::1:9003 (from REMOTE_ADDR HTTP header), localhost:9003 (fallback through xdebug.client_host/xdebug.client_port) :-(
[06-Mar-2021 16:42:50 Europe/Berlin] Xdebug: [Step Debug] Time-out connecting to debugging client, waited: 200 ms. Tried: ::1:9003 (from REMOTE_ADDR HTTP header), localhost:9003 (fallback through xdebug.client_host/xdebug.client_port) :-(
[06-Mar-2021 16:43:08 Europe/Berlin] Xdebug: [Step Debug] Time-out connecting to debugging client, waited: 200 ms. Tried: ::1:9003 (from REMOTE_ADDR HTTP header), localhost:9003 (fallback through xdebug.client_host/xdebug.client_port) :-(
[06-Mar-2021 16:43:08 Europe/Berlin] Xdebug: [Step Debug] Time-out connecting to debugging client, waited: 200 ms. Tried: ::1:9003 (from REMOTE_ADDR HTTP header), localhost:9003 (fallback through xdebug.client_host/xdebug.client_port) :-(
[06-Mar-2021 17:02:58 Europe/Berlin] Xdebug: [Step Debug] Time-out connecting to debugging client, waited: 200 ms. Tried: ::1:9003 (from REMOTE_ADDR HTTP header), localhost:9003 (fallback through xdebug.client_host/xdebug.client_port) :-(
[06-Mar-2021 17:02:58 Europe/Berlin] Xdebug: [Step Debug] Time-out connecting to debugging client, waited: 200 ms. Tried: ::1:9003 (from REMOTE_ADDR HTTP header), localhost:9003 (fallback through xdebug.client_host/xdebug.client_port) :-(
[06-Mar-2021 17:03:08 Europe/Berlin] Xdebug: [Step Debug] Time-out connecting to debugging client, waited: 200 ms. Tried: ::1:9003 (from REMOTE_ADDR HTTP header), localhost:9003 (fallback through xdebug.client_host/xdebug.client_port) :-(
[06-Mar-2021 17:03:08 Europe/Berlin] Xdebug: [Step Debug] Time-out connecting to debugging client, waited: 200 ms. Tried: ::1:9003 (from REMOTE_ADDR HTTP header), localhost:9003 (fallback through xdebug.client_host/xdebug.client_port) :-(
[06-Mar-2021 17:04:09 Europe/Berlin] Xdebug: [Step Debug] Time-out connecting to debugging client, waited: 200 ms. Tried: ::1:9003 (from REMOTE_ADDR HTTP header), localhost:9003 (fallback through xdebug.client_host/xdebug.client_port) :-(
[06-Mar-2021 17:04:09 Europe/Berlin] Xdebug: [Step Debug] Time-out connecting to debugging client, waited: 200 ms. Tried: ::1:9003 (from REMOTE_ADDR HTTP header), localhost:9003 (fallback through xdebug.client_host/xdebug.client_port) :-(
[06-Mar-2021 17:04:12 Europe/Berlin] Xdebug: [Step Debug] Time-out connecting to debugging client, waited: 200 ms. Tried: ::1:9003 (from REMOTE_ADDR HTTP header), localhost:9003 (fallback through xdebug.client_host/xdebug.client_port) :-(
[06-Mar-2021 17:04:12 Europe/Berlin] Xdebug: [Step Debug] Time-out connecting to debugging client, waited: 200 ms. Tried: ::1:9003 (from REMOTE_ADDR HTTP header), localhost:9003 (fallback through xdebug.client_host/xdebug.client_port) :-(
[06-Mar-2021 17:04:46 Europe/Berlin] Xdebug: [Step Debug] Time-out connecting to debugging client, waited: 200 ms. Tried: ::1:9003 (from REMOTE_ADDR HTTP header), localhost:9003 (fallback through xdebug.client_host/xdebug.client_port) :-(
[06-Mar-2021 17:04:46 Europe/Berlin] Xdebug: [Step Debug] Time-out connecting to debugging client, waited: 200 ms. Tried: ::1:9003 (from REMOTE_ADDR HTTP header), localhost:9003 (fallback through xdebug.client_host/xdebug.client_port) :-(
[06-Mar-2021 17:04:47 Europe/Berlin] Xdebug: [Step Debug] Time-out connecting to debugging client, waited: 200 ms. Tried: ::1:9003 (from REMOTE_ADDR HTTP header), localhost:9003 (fallback through xdebug.client_host/xdebug.client_port) :-(
[06-Mar-2021 17:04:47 Europe/Berlin] Xdebug: [Step Debug] Time-out connecting to debugging client, waited: 200 ms. Tried: ::1:9003 (from REMOTE_ADDR HTTP header), localhost:9003 (fallback through xdebug.client_host/xdebug.client_port) :-(
[06-Mar-2021 17:04:52 Europe/Berlin] Xdebug: [Step Debug] Time-out connecting to debugging client, waited: 200 ms. Tried: ::1:9003 (from REMOTE_ADDR HTTP header), localhost:9003 (fallback through xdebug.client_host/xdebug.client_port) :-(
[06-Mar-2021 17:04:52 Europe/Berlin] Xdebug: [Step Debug] Time-out connecting to debugging client, waited: 200 ms. Tried: ::1:9003 (from REMOTE_ADDR HTTP header), localhost:9003 (fallback through xdebug.client_host/xdebug.client_port) :-(
[06-Mar-2021 17:05:08 Europe/Berlin] Xdebug: [Step Debug] Time-out connecting to debugging client, waited: 200 ms. Tried: ::1:9003 (from REMOTE_ADDR HTTP header), localhost:9003 (fallback through xdebug.client_host/xdebug.client_port) :-(
[06-Mar-2021 17:05:08 Europe/Berlin] Xdebug: [Step Debug] Time-out connecting to debugging client, waited: 200 ms. Tried: ::1:9003 (from REMOTE_ADDR HTTP header), localhost:9003 (fallback through xdebug.client_host/xdebug.client_port) :-(
[06-Mar-2021 17:05:15 Europe/Berlin] Xdebug: [Step Debug] Time-out connecting to debugging client, waited: 200 ms. Tried: ::1:9003 (from REMOTE_ADDR HTTP header), localhost:9003 (fallback through xdebug.client_host/xdebug.client_port) :-(
[06-Mar-2021 17:05:15 Europe/Berlin] Xdebug: [Step Debug] Time-out connecting to debugging client, waited: 200 ms. Tried: ::1:9003 (from REMOTE_ADDR HTTP header), localhost:9003 (fallback through xdebug.client_host/xdebug.client_port) :-(
[06-Mar-2021 17:05:17 Europe/Berlin] Xdebug: [Step Debug] Time-out connecting to debugging client, waited: 200 ms. Tried: ::1:9003 (from REMOTE_ADDR HTTP header), localhost:9003 (fallback through xdebug.client_host/xdebug.client_port) :-(
[06-Mar-2021 17:05:17 Europe/Berlin] Xdebug: [Step Debug] Time-out connecting to debugging client, waited: 200 ms. Tried: ::1:9003 (from REMOTE_ADDR HTTP header), localhost:9003 (fallback through xdebug.client_host/xdebug.client_port) :-(
[06-Mar-2021 17:05:20 Europe/Berlin] Xdebug: [Step Debug] Time-out connecting to debugging client, waited: 200 ms. Tried: ::1:9003 (from REMOTE_ADDR HTTP header), localhost:9003 (fallback through xdebug.client_host/xdebug.client_port) :-(
[06-Mar-2021 17:05:20 Europe/Berlin] Xdebug: [Step Debug] Time-out connecting to debugging client, waited: 200 ms. Tried: ::1:9003 (from REMOTE_ADDR HTTP header), localhost:9003 (fallback through xdebug.client_host/xdebug.client_port) :-(
[06-Mar-2021 17:05:29 Europe/Berlin] Xdebug: [Step Debug] Time-out connecting to debugging client, waited: 200 ms. Tried: ::1:9003 (from REMOTE_ADDR HTTP header), localhost:9003 (fallback through xdebug.client_host/xdebug.client_port) :-(
[06-Mar-2021 17:05:29 Europe/Berlin] Xdebug: [Step Debug] Time-out connecting to debugging client, waited: 200 ms. Tried: ::1:9003 (from REMOTE_ADDR HTTP header), localhost:9003 (fallback through xdebug.client_host/xdebug.client_port) :-(
[06-Mar-2021 17:05:32 Europe/Berlin] Xdebug: [Step Debug] Time-out connecting to debugging client, waited: 200 ms. Tried: ::1:9003 (from REMOTE_ADDR HTTP header), localhost:9003 (fallback through xdebug.client_host/xdebug.client_port) :-(
[06-Mar-2021 17:05:32 Europe/Berlin] Xdebug: [Step Debug] Time-out connecting to debugging client, waited: 200 ms. Tried: ::1:9003 (from REMOTE_ADDR HTTP header), localhost:9003 (fallback through xdebug.client_host/xdebug.client_port) :-(
[06-Mar-2021 17:05:33 Europe/Berlin] Xdebug: [Step Debug] Time-out connecting to debugging client, waited: 200 ms. Tried: ::1:9003 (from REMOTE_ADDR HTTP header), localhost:9003 (fallback through xdebug.client_host/xdebug.client_port) :-(
[06-Mar-2021 17:05:33 Europe/Berlin] Xdebug: [Step Debug] Time-out connecting to debugging client, waited: 200 ms. Tried: ::1:9003 (from REMOTE_ADDR HTTP header), localhost:9003 (fallback through xdebug.client_host/xdebug.client_port) :-(
[06-Mar-2021 17:05:40 Europe/Berlin] Xdebug: [Step Debug] Time-out connecting to debugging client, waited: 200 ms. Tried: ::1:9003 (from REMOTE_ADDR HTTP header), localhost:9003 (fallback through xdebug.client_host/xdebug.client_port) :-(
[06-Mar-2021 17:05:40 Europe/Berlin] Xdebug: [Step Debug] Time-out connecting to debugging client, waited: 200 ms. Tried: ::1:9003 (from REMOTE_ADDR HTTP header), localhost:9003 (fallback through xdebug.client_host/xdebug.client_port) :-(
[06-Mar-2021 17:05:51 Europe/Berlin] Xdebug: [Step Debug] Time-out connecting to debugging client, waited: 200 ms. Tried: ::1:9003 (from REMOTE_ADDR HTTP header), localhost:9003 (fallback through xdebug.client_host/xdebug.client_port) :-(
[06-Mar-2021 17:05:51 Europe/Berlin] Xdebug: [Step Debug] Time-out connecting to debugging client, waited: 200 ms. Tried: ::1:9003 (from REMOTE_ADDR HTTP header), localhost:9003 (fallback through xdebug.client_host/xdebug.client_port) :-(
[06-Mar-2021 17:05:56 Europe/Berlin] Xdebug: [Step Debug] Time-out connecting to debugging client, waited: 200 ms. Tried: ::1:9003 (from REMOTE_ADDR HTTP header), localhost:9003 (fallback through xdebug.client_host/xdebug.client_port) :-(
[06-Mar-2021 17:05:56 Europe/Berlin] Xdebug: [Step Debug] Time-out connecting to debugging client, waited: 200 ms. Tried: ::1:9003 (from REMOTE_ADDR HTTP header), localhost:9003 (fallback through xdebug.client_host/xdebug.client_port) :-(
[06-Mar-2021 17:06:11 Europe/Berlin] Xdebug: [Step Debug] Time-out connecting to debugging client, waited: 200 ms. Tried: ::1:9003 (from REMOTE_ADDR HTTP header), localhost:9003 (fallback through xdebug.client_host/xdebug.client_port) :-(
[06-Mar-2021 17:06:11 Europe/Berlin] Xdebug: [Step Debug] Time-out connecting to debugging client, waited: 200 ms. Tried: ::1:9003 (from REMOTE_ADDR HTTP header), localhost:9003 (fallback through xdebug.client_host/xdebug.client_port) :-(
[06-Mar-2021 17:06:16 Europe/Berlin] Xdebug: [Step Debug] Time-out connecting to debugging client, waited: 200 ms. Tried: ::1:9003 (from REMOTE_ADDR HTTP header), localhost:9003 (fallback through xdebug.client_host/xdebug.client_port) :-(
[06-Mar-2021 17:06:16 Europe/Berlin] Xdebug: [Step Debug] Time-out connecting to debugging client, waited: 200 ms. Tried: ::1:9003 (from REMOTE_ADDR HTTP header), localhost:9003 (fallback through xdebug.client_host/xdebug.client_port) :-(
[06-Mar-2021 17:06:18 Europe/Berlin] Xdebug: [Step Debug] Time-out connecting to debugging client, waited: 200 ms. Tried: ::1:9003 (from REMOTE_ADDR HTTP header), localhost:9003 (fallback through xdebug.client_host/xdebug.client_port) :-(
[06-Mar-2021 17:06:18 Europe/Berlin] Xdebug: [Step Debug] Time-out connecting to debugging client, waited: 200 ms. Tried: ::1:9003 (from REMOTE_ADDR HTTP header), localhost:9003 (fallback through xdebug.client_host/xdebug.client_port) :-(
[06-Mar-2021 17:06:20 Europe/Berlin] Xdebug: [Step Debug] Time-out connecting to debugging client, waited: 200 ms. Tried: ::1:9003 (from REMOTE_ADDR HTTP header), localhost:9003 (fallback through xdebug.client_host/xdebug.client_port) :-(
[06-Mar-2021 17:06:20 Europe/Berlin] Xdebug: [Step Debug] Time-out connecting to debugging client, waited: 200 ms. Tried: ::1:9003 (from REMOTE_ADDR HTTP header), localhost:9003 (fallback through xdebug.client_host/xdebug.client_port) :-(
[06-Mar-2021 17:08:03 Europe/Berlin] Xdebug: [Step Debug] Time-out connecting to debugging client, waited: 200 ms. Tried: ::1:9003 (from REMOTE_ADDR HTTP header), localhost:9003 (fallback through xdebug.client_host/xdebug.client_port) :-(
[06-Mar-2021 17:08:03 Europe/Berlin] Xdebug: [Step Debug] Time-out connecting to debugging client, waited: 200 ms. Tried: ::1:9003 (from REMOTE_ADDR HTTP header), localhost:9003 (fallback through xdebug.client_host/xdebug.client_port) :-(
[06-Mar-2021 17:08:04 Europe/Berlin] Xdebug: [Step Debug] Time-out connecting to debugging client, waited: 200 ms. Tried: ::1:9003 (from REMOTE_ADDR HTTP header), localhost:9003 (fallback through xdebug.client_host/xdebug.client_port) :-(
[06-Mar-2021 17:08:04 Europe/Berlin] Xdebug: [Step Debug] Time-out connecting to debugging client, waited: 200 ms. Tried: ::1:9003 (from REMOTE_ADDR HTTP header), localhost:9003 (fallback through xdebug.client_host/xdebug.client_port) :-(
[06-Mar-2021 17:08:11 Europe/Berlin] Xdebug: [Step Debug] Time-out connecting to debugging client, waited: 200 ms. Tried: ::1:9003 (from REMOTE_ADDR HTTP header), localhost:9003 (fallback through xdebug.client_host/xdebug.client_port) :-(
[06-Mar-2021 17:08:11 Europe/Berlin] Xdebug: [Step Debug] Time-out connecting to debugging client, waited: 200 ms. Tried: ::1:9003 (from REMOTE_ADDR HTTP header), localhost:9003 (fallback through xdebug.client_host/xdebug.client_port) :-(
[06-Mar-2021 17:08:18 Europe/Berlin] Xdebug: [Step Debug] Time-out connecting to debugging client, waited: 200 ms. Tried: ::1:9003 (from REMOTE_ADDR HTTP header), localhost:9003 (fallback through xdebug.client_host/xdebug.client_port) :-(
[06-Mar-2021 17:08:18 Europe/Berlin] Xdebug: [Step Debug] Time-out connecting to debugging client, waited: 200 ms. Tried: ::1:9003 (from REMOTE_ADDR HTTP header), localhost:9003 (fallback through xdebug.client_host/xdebug.client_port) :-(
[06-Mar-2021 17:08:26 Europe/Berlin] Xdebug: [Step Debug] Time-out connecting to debugging client, waited: 200 ms. Tried: ::1:9003 (from REMOTE_ADDR HTTP header), localhost:9003 (fallback through xdebug.client_host/xdebug.client_port) :-(
[06-Mar-2021 17:08:26 Europe/Berlin] Xdebug: [Step Debug] Time-out connecting to debugging client, waited: 200 ms. Tried: ::1:9003 (from REMOTE_ADDR HTTP header), localhost:9003 (fallback through xdebug.client_host/xdebug.client_port) :-(
[06-Mar-2021 17:08:32 Europe/Berlin] Xdebug: [Step Debug] Time-out connecting to debugging client, waited: 200 ms. Tried: ::1:9003 (from REMOTE_ADDR HTTP header), localhost:9003 (fallback through xdebug.client_host/xdebug.client_port) :-(
[06-Mar-2021 17:08:32 Europe/Berlin] Xdebug: [Step Debug] Time-out connecting to debugging client, waited: 200 ms. Tried: ::1:9003 (from REMOTE_ADDR HTTP header), localhost:9003 (fallback through xdebug.client_host/xdebug.client_port) :-(
[06-Mar-2021 17:09:29 Europe/Berlin] Xdebug: [Step Debug] Time-out connecting to debugging client, waited: 200 ms. Tried: ::1:9003 (from REMOTE_ADDR HTTP header), localhost:9003 (fallback through xdebug.client_host/xdebug.client_port) :-(
[06-Mar-2021 17:09:29 Europe/Berlin] Xdebug: [Step Debug] Time-out connecting to debugging client, waited: 200 ms. Tried: ::1:9003 (from REMOTE_ADDR HTTP header), localhost:9003 (fallback through xdebug.client_host/xdebug.client_port) :-(
[06-Mar-2021 17:09:36 Europe/Berlin] Xdebug: [Step Debug] Time-out connecting to debugging client, waited: 200 ms. Tried: ::1:9003 (from REMOTE_ADDR HTTP header), localhost:9003 (fallback through xdebug.client_host/xdebug.client_port) :-(
[06-Mar-2021 17:09:36 Europe/Berlin] Xdebug: [Step Debug] Time-out connecting to debugging client, waited: 200 ms. Tried: ::1:9003 (from REMOTE_ADDR HTTP header), localhost:9003 (fallback through xdebug.client_host/xdebug.client_port) :-(
[06-Mar-2021 17:11:39 Europe/Berlin] Xdebug: [Step Debug] Time-out connecting to debugging client, waited: 200 ms. Tried: ::1:9003 (from REMOTE_ADDR HTTP header), localhost:9003 (fallback through xdebug.client_host/xdebug.client_port) :-(
[06-Mar-2021 17:11:39 Europe/Berlin] Xdebug: [Step Debug] Time-out connecting to debugging client, waited: 200 ms. Tried: ::1:9003 (from REMOTE_ADDR HTTP header), localhost:9003 (fallback through xdebug.client_host/xdebug.client_port) :-(
Failed to execute the following SQL statement: SELECT  postId,name FROM `posts` WHERE `examId`='1'. MySQL Error: Unknown column 'name' in 'field list'. SqlState: 42S22
File:SwiftLogger.php, Line:128, Datetime:06-03-2021 10:11:41 PM  
------------------------------------------------------------------------------------
[06-Mar-2021 17:11:42 Europe/Berlin] Xdebug: [Step Debug] Time-out connecting to debugging client, waited: 200 ms. Tried: ::1:9003 (from REMOTE_ADDR HTTP header), localhost:9003 (fallback through xdebug.client_host/xdebug.client_port) :-(
[06-Mar-2021 17:13:31 Europe/Berlin] Xdebug: [Step Debug] Time-out connecting to debugging client, waited: 200 ms. Tried: ::1:9003 (from REMOTE_ADDR HTTP header), localhost:9003 (fallback through xdebug.client_host/xdebug.client_port) :-(
[06-Mar-2021 17:13:34 Europe/Berlin] Xdebug: [Step Debug] Time-out connecting to debugging client, waited: 200 ms. Tried: ::1:9003 (from REMOTE_ADDR HTTP header), localhost:9003 (fallback through xdebug.client_host/xdebug.client_port) :-(
[06-Mar-2021 17:13:41 Europe/Berlin] Xdebug: [Step Debug] Time-out connecting to debugging client, waited: 200 ms. Tried: ::1:9003 (from REMOTE_ADDR HTTP header), localhost:9003 (fallback through xdebug.client_host/xdebug.client_port) :-(
[06-Mar-2021 17:13:41 Europe/Berlin] Xdebug: [Step Debug] Time-out connecting to debugging client, waited: 200 ms. Tried: ::1:9003 (from REMOTE_ADDR HTTP header), localhost:9003 (fallback through xdebug.client_host/xdebug.client_port) :-(
[06-Mar-2021 17:13:45 Europe/Berlin] Xdebug: [Step Debug] Time-out connecting to debugging client, waited: 200 ms. Tried: ::1:9003 (from REMOTE_ADDR HTTP header), localhost:9003 (fallback through xdebug.client_host/xdebug.client_port) :-(
[06-Mar-2021 17:17:10 Europe/Berlin] Xdebug: [Step Debug] Time-out connecting to debugging client, waited: 200 ms. Tried: ::1:9003 (from REMOTE_ADDR HTTP header), localhost:9003 (fallback through xdebug.client_host/xdebug.client_port) :-(
[06-Mar-2021 17:17:10 Europe/Berlin] Xdebug: [Step Debug] Time-out connecting to debugging client, waited: 200 ms. Tried: ::1:9003 (from REMOTE_ADDR HTTP header), localhost:9003 (fallback through xdebug.client_host/xdebug.client_port) :-(
[06-Mar-2021 17:18:05 Europe/Berlin] Xdebug: [Step Debug] Time-out connecting to debugging client, waited: 200 ms. Tried: ::1:9003 (from REMOTE_ADDR HTTP header), localhost:9003 (fallback through xdebug.client_host/xdebug.client_port) :-(
[06-Mar-2021 17:18:05 Europe/Berlin] Xdebug: [Step Debug] Time-out connecting to debugging client, waited: 200 ms. Tried: ::1:9003 (from REMOTE_ADDR HTTP header), localhost:9003 (fallback through xdebug.client_host/xdebug.client_port) :-(
[06-Mar-2021 17:18:47 Europe/Berlin] Xdebug: [Step Debug] Time-out connecting to debugging client, waited: 200 ms. Tried: ::1:9003 (from REMOTE_ADDR HTTP header), localhost:9003 (fallback through xdebug.client_host/xdebug.client_port) :-(
[06-Mar-2021 17:18:47 Europe/Berlin] Xdebug: [Step Debug] Time-out connecting to debugging client, waited: 200 ms. Tried: ::1:9003 (from REMOTE_ADDR HTTP header), localhost:9003 (fallback through xdebug.client_host/xdebug.client_port) :-(
[06-Mar-2021 17:18:54 Europe/Berlin] Xdebug: [Step Debug] Time-out connecting to debugging client, waited: 200 ms. Tried: ::1:9003 (from REMOTE_ADDR HTTP header), localhost:9003 (fallback through xdebug.client_host/xdebug.client_port) :-(
[06-Mar-2021 17:20:00 Europe/Berlin] Xdebug: [Step Debug] Time-out connecting to debugging client, waited: 200 ms. Tried: ::1:9003 (from REMOTE_ADDR HTTP header), localhost:9003 (fallback through xdebug.client_host/xdebug.client_port) :-(
[06-Mar-2021 17:20:00 Europe/Berlin] Xdebug: [Step Debug] Time-out connecting to debugging client, waited: 200 ms. Tried: ::1:9003 (from REMOTE_ADDR HTTP header), localhost:9003 (fallback through xdebug.client_host/xdebug.client_port) :-(
[06-Mar-2021 17:20:10 Europe/Berlin] Xdebug: [Step Debug] Time-out connecting to debugging client, waited: 200 ms. Tried: ::1:9003 (from REMOTE_ADDR HTTP header), localhost:9003 (fallback through xdebug.client_host/xdebug.client_port) :-(
[06-Mar-2021 17:20:10 Europe/Berlin] Xdebug: [Step Debug] Time-out connecting to debugging client, waited: 200 ms. Tried: ::1:9003 (from REMOTE_ADDR HTTP header), localhost:9003 (fallback through xdebug.client_host/xdebug.client_port) :-(
[06-Mar-2021 17:20:22 Europe/Berlin] Xdebug: [Step Debug] Time-out connecting to debugging client, waited: 200 ms. Tried: ::1:9003 (from REMOTE_ADDR HTTP header), localhost:9003 (fallback through xdebug.client_host/xdebug.client_port) :-(
[06-Mar-2021 17:20:41 Europe/Berlin] Xdebug: [Step Debug] Time-out connecting to debugging client, waited: 200 ms. Tried: ::1:9003 (from REMOTE_ADDR HTTP header), localhost:9003 (fallback through xdebug.client_host/xdebug.client_port) :-(
[06-Mar-2021 17:20:44 Europe/Berlin] Xdebug: [Step Debug] Time-out connecting to debugging client, waited: 200 ms. Tried: ::1:9003 (from REMOTE_ADDR HTTP header), localhost:9003 (fallback through xdebug.client_host/xdebug.client_port) :-(
[06-Mar-2021 17:21:18 Europe/Berlin] Xdebug: [Step Debug] Time-out connecting to debugging client, waited: 200 ms. Tried: ::1:9003 (from REMOTE_ADDR HTTP header), localhost:9003 (fallback through xdebug.client_host/xdebug.client_port) :-(
[06-Mar-2021 17:21:18 Europe/Berlin] Xdebug: [Step Debug] Time-out connecting to debugging client, waited: 200 ms. Tried: ::1:9003 (from REMOTE_ADDR HTTP header), localhost:9003 (fallback through xdebug.client_host/xdebug.client_port) :-(
[06-Mar-2021 17:22:21 Europe/Berlin] Xdebug: [Step Debug] Time-out connecting to debugging client, waited: 200 ms. Tried: ::1:9003 (from REMOTE_ADDR HTTP header), localhost:9003 (fallback through xdebug.client_host/xdebug.client_port) :-(
[06-Mar-2021 17:22:21 Europe/Berlin] Xdebug: [Step Debug] Time-out connecting to debugging client, waited: 200 ms. Tried: ::1:9003 (from REMOTE_ADDR HTTP header), localhost:9003 (fallback through xdebug.client_host/xdebug.client_port) :-(
[06-Mar-2021 17:22:24 Europe/Berlin] Xdebug: [Step Debug] Time-out connecting to debugging client, waited: 200 ms. Tried: ::1:9003 (from REMOTE_ADDR HTTP header), localhost:9003 (fallback through xdebug.client_host/xdebug.client_port) :-(
[06-Mar-2021 17:22:24 Europe/Berlin] Xdebug: [Step Debug] Time-out connecting to debugging client, waited: 200 ms. Tried: ::1:9003 (from REMOTE_ADDR HTTP header), localhost:9003 (fallback through xdebug.client_host/xdebug.client_port) :-(
[06-Mar-2021 17:22:28 Europe/Berlin] Xdebug: [Step Debug] Time-out connecting to debugging client, waited: 200 ms. Tried: ::1:9003 (from REMOTE_ADDR HTTP header), localhost:9003 (fallback through xdebug.client_host/xdebug.client_port) :-(
[06-Mar-2021 17:22:28 Europe/Berlin] Xdebug: [Step Debug] Time-out connecting to debugging client, waited: 200 ms. Tried: ::1:9003 (from REMOTE_ADDR HTTP header), localhost:9003 (fallback through xdebug.client_host/xdebug.client_port) :-(
[06-Mar-2021 17:22:42 Europe/Berlin] Xdebug: [Step Debug] Time-out connecting to debugging client, waited: 200 ms. Tried: ::1:9003 (from REMOTE_ADDR HTTP header), localhost:9003 (fallback through xdebug.client_host/xdebug.client_port) :-(
[06-Mar-2021 17:22:42 Europe/Berlin] Xdebug: [Step Debug] Time-out connecting to debugging client, waited: 200 ms. Tried: ::1:9003 (from REMOTE_ADDR HTTP header), localhost:9003 (fallback through xdebug.client_host/xdebug.client_port) :-(
[06-Mar-2021 17:22:45 Europe/Berlin] Xdebug: [Step Debug] Time-out connecting to debugging client, waited: 200 ms. Tried: ::1:9003 (from REMOTE_ADDR HTTP header), localhost:9003 (fallback through xdebug.client_host/xdebug.client_port) :-(
[06-Mar-2021 17:22:45 Europe/Berlin] Xdebug: [Step Debug] Time-out connecting to debugging client, waited: 200 ms. Tried: ::1:9003 (from REMOTE_ADDR HTTP header), localhost:9003 (fallback through xdebug.client_host/xdebug.client_port) :-(
[06-Mar-2021 17:22:50 Europe/Berlin] Xdebug: [Step Debug] Time-out connecting to debugging client, waited: 200 ms. Tried: ::1:9003 (from REMOTE_ADDR HTTP header), localhost:9003 (fallback through xdebug.client_host/xdebug.client_port) :-(
[06-Mar-2021 17:22:50 Europe/Berlin] Xdebug: [Step Debug] Time-out connecting to debugging client, waited: 200 ms. Tried: ::1:9003 (from REMOTE_ADDR HTTP header), localhost:9003 (fallback through xdebug.client_host/xdebug.client_port) :-(
[06-Mar-2021 17:22:54 Europe/Berlin] Xdebug: [Step Debug] Time-out connecting to debugging client, waited: 200 ms. Tried: ::1:9003 (from REMOTE_ADDR HTTP header), localhost:9003 (fallback through xdebug.client_host/xdebug.client_port) :-(
[06-Mar-2021 17:22:54 Europe/Berlin] Xdebug: [Step Debug] Time-out connecting to debugging client, waited: 200 ms. Tried: ::1:9003 (from REMOTE_ADDR HTTP header), localhost:9003 (fallback through xdebug.client_host/xdebug.client_port) :-(
[06-Mar-2021 17:23:00 Europe/Berlin] Xdebug: [Step Debug] Time-out connecting to debugging client, waited: 200 ms. Tried: ::1:9003 (from REMOTE_ADDR HTTP header), localhost:9003 (fallback through xdebug.client_host/xdebug.client_port) :-(
[06-Mar-2021 17:23:00 Europe/Berlin] Xdebug: [Step Debug] Time-out connecting to debugging client, waited: 200 ms. Tried: ::1:9003 (from REMOTE_ADDR HTTP header), localhost:9003 (fallback through xdebug.client_host/xdebug.client_port) :-(
[06-Mar-2021 17:25:36 Europe/Berlin] Xdebug: [Step Debug] Time-out connecting to debugging client, waited: 200 ms. Tried: ::1:9003 (from REMOTE_ADDR HTTP header), localhost:9003 (fallback through xdebug.client_host/xdebug.client_port) :-(
[06-Mar-2021 17:25:36 Europe/Berlin] Xdebug: [Step Debug] Time-out connecting to debugging client, waited: 200 ms. Tried: ::1:9003 (from REMOTE_ADDR HTTP header), localhost:9003 (fallback through xdebug.client_host/xdebug.client_port) :-(
[06-Mar-2021 17:25:39 Europe/Berlin] Xdebug: [Step Debug] Time-out connecting to debugging client, waited: 200 ms. Tried: ::1:9003 (from REMOTE_ADDR HTTP header), localhost:9003 (fallback through xdebug.client_host/xdebug.client_port) :-(
[06-Mar-2021 17:25:53 Europe/Berlin] Xdebug: [Step Debug] Time-out connecting to debugging client, waited: 200 ms. Tried: ::1:9003 (from REMOTE_ADDR HTTP header), localhost:9003 (fallback through xdebug.client_host/xdebug.client_port) :-(
[06-Mar-2021 17:26:02 Europe/Berlin] Xdebug: [Step Debug] Time-out connecting to debugging client, waited: 200 ms. Tried: ::1:9003 (from REMOTE_ADDR HTTP header), localhost:9003 (fallback through xdebug.client_host/xdebug.client_port) :-(
[06-Mar-2021 17:26:13 Europe/Berlin] Xdebug: [Step Debug] Time-out connecting to debugging client, waited: 200 ms. Tried: ::1:9003 (from REMOTE_ADDR HTTP header), localhost:9003 (fallback through xdebug.client_host/xdebug.client_port) :-(
[06-Mar-2021 17:26:55 Europe/Berlin] Xdebug: [Step Debug] Time-out connecting to debugging client, waited: 200 ms. Tried: ::1:9003 (from REMOTE_ADDR HTTP header), localhost:9003 (fallback through xdebug.client_host/xdebug.client_port) :-(
[06-Mar-2021 17:26:58 Europe/Berlin] Xdebug: [Step Debug] Time-out connecting to debugging client, waited: 200 ms. Tried: ::1:9003 (from REMOTE_ADDR HTTP header), localhost:9003 (fallback through xdebug.client_host/xdebug.client_port) :-(
[06-Mar-2021 17:29:51 Europe/Berlin] Xdebug: [Step Debug] Time-out connecting to debugging client, waited: 200 ms. Tried: ::1:9003 (from REMOTE_ADDR HTTP header), localhost:9003 (fallback through xdebug.client_host/xdebug.client_port) :-(
[06-Mar-2021 17:29:53 Europe/Berlin] Xdebug: [Step Debug] Time-out connecting to debugging client, waited: 200 ms. Tried: ::1:9003 (from REMOTE_ADDR HTTP header), localhost:9003 (fallback through xdebug.client_host/xdebug.client_port) :-(
[06-Mar-2021 17:29:55 Europe/Berlin] Xdebug: [Step Debug] Time-out connecting to debugging client, waited: 200 ms. Tried: ::1:9003 (from REMOTE_ADDR HTTP header), localhost:9003 (fallback through xdebug.client_host/xdebug.client_port) :-(
[06-Mar-2021 17:31:33 Europe/Berlin] Xdebug: [Step Debug] Time-out connecting to debugging client, waited: 200 ms. Tried: ::1:9003 (from REMOTE_ADDR HTTP header), localhost:9003 (fallback through xdebug.client_host/xdebug.client_port) :-(
[06-Mar-2021 17:42:33 Europe/Berlin] Xdebug: [Step Debug] Time-out connecting to debugging client, waited: 200 ms. Tried: ::1:9003 (from REMOTE_ADDR HTTP header), localhost:9003 (fallback through xdebug.client_host/xdebug.client_port) :-(
[06-Mar-2021 17:42:35 Europe/Berlin] Xdebug: [Step Debug] Time-out connecting to debugging client, waited: 200 ms. Tried: ::1:9003 (from REMOTE_ADDR HTTP header), localhost:9003 (fallback through xdebug.client_host/xdebug.client_port) :-(
[06-Mar-2021 18:11:39 Europe/Berlin] Xdebug: [Step Debug] Time-out connecting to debugging client, waited: 200 ms. Tried: ::1:9003 (from REMOTE_ADDR HTTP header), localhost:9003 (fallback through xdebug.client_host/xdebug.client_port) :-(
[06-Mar-2021 18:11:39 Europe/Berlin] Xdebug: [Step Debug] Time-out connecting to debugging client, waited: 200 ms. Tried: ::1:9003 (from REMOTE_ADDR HTTP header), localhost:9003 (fallback through xdebug.client_host/xdebug.client_port) :-(
[06-Mar-2021 18:11:57 Europe/Berlin] Xdebug: [Step Debug] Time-out connecting to debugging client, waited: 200 ms. Tried: ::1:9003 (from REMOTE_ADDR HTTP header), localhost:9003 (fallback through xdebug.client_host/xdebug.client_port) :-(
[06-Mar-2021 18:12:30 Europe/Berlin] Xdebug: [Step Debug] Time-out connecting to debugging client, waited: 200 ms. Tried: ::1:9003 (from REMOTE_ADDR HTTP header), localhost:9003 (fallback through xdebug.client_host/xdebug.client_port) :-(
[06-Mar-2021 18:12:31 Europe/Berlin] Xdebug: [Step Debug] Time-out connecting to debugging client, waited: 200 ms. Tried: ::1:9003 (from REMOTE_ADDR HTTP header), localhost:9003 (fallback through xdebug.client_host/xdebug.client_port) :-(
[06-Mar-2021 18:12:35 Europe/Berlin] Xdebug: [Step Debug] Time-out connecting to debugging client, waited: 200 ms. Tried: ::1:9003 (from REMOTE_ADDR HTTP header), localhost:9003 (fallback through xdebug.client_host/xdebug.client_port) :-(
[06-Mar-2021 18:12:35 Europe/Berlin] Xdebug: [Step Debug] Time-out connecting to debugging client, waited: 200 ms. Tried: ::1:9003 (from REMOTE_ADDR HTTP header), localhost:9003 (fallback through xdebug.client_host/xdebug.client_port) :-(
[06-Mar-2021 18:12:37 Europe/Berlin] Xdebug: [Step Debug] Time-out connecting to debugging client, waited: 200 ms. Tried: ::1:9003 (from REMOTE_ADDR HTTP header), localhost:9003 (fallback through xdebug.client_host/xdebug.client_port) :-(
[06-Mar-2021 18:12:42 Europe/Berlin] Xdebug: [Step Debug] Time-out connecting to debugging client, waited: 200 ms. Tried: ::1:9003 (from REMOTE_ADDR HTTP header), localhost:9003 (fallback through xdebug.client_host/xdebug.client_port) :-(
[06-Mar-2021 18:26:48 Europe/Berlin] Xdebug: [Step Debug] Time-out connecting to debugging client, waited: 200 ms. Tried: ::1:9003 (from REMOTE_ADDR HTTP header), localhost:9003 (fallback through xdebug.client_host/xdebug.client_port) :-(
[06-Mar-2021 18:26:56 Europe/Berlin] Xdebug: [Step Debug] Time-out connecting to debugging client, waited: 200 ms. Tried: ::1:9003 (from REMOTE_ADDR HTTP header), localhost:9003 (fallback through xdebug.client_host/xdebug.client_port) :-(
[06-Mar-2021 18:26:59 Europe/Berlin] Xdebug: [Step Debug] Time-out connecting to debugging client, waited: 200 ms. Tried: ::1:9003 (from REMOTE_ADDR HTTP header), localhost:9003 (fallback through xdebug.client_host/xdebug.client_port) :-(
[06-Mar-2021 18:27:04 Europe/Berlin] Xdebug: [Step Debug] Time-out connecting to debugging client, waited: 200 ms. Tried: ::1:9003 (from REMOTE_ADDR HTTP header), localhost:9003 (fallback through xdebug.client_host/xdebug.client_port) :-(
